
> node-sass@4.5.2 install C:\Users\7\Desktop\ReactWeather\node_modules\node-sass
> node scripts/install.js

Downloading binary from https://github.com/sass/node-sass/releases/download/v4.5.2/win32-x64-51_binding.node
Download complete
Binary saved to C:\Users\7\Desktop\ReactWeather\node_modules\node-sass\vendor\win32-x64-51\binding.node
Caching binary to C:\Users\7\AppData\Roaming\npm-cache\node-sass\4.5.2\win32-x64-51_binding.node

> node-sass@4.5.2 postinstall C:\Users\7\Desktop\ReactWeather\node_modules\node-sass
> node scripts/build.js

Binary found at C:\Users\7\Desktop\ReactWeather\node_modules\node-sass\vendor\win32-x64-51\binding.node
Testing binary
Binary is fine
boilerplate@1.0.0 C:\Users\7\Desktop\ReactWeather
`-- UNMET PEER DEPENDENCY node-sass@4.5.2
  +-- async-foreach@0.1.3 
  +-- cross-spawn@3.0.1 
  | +-- lru-cache@4.0.2 
  | | +-- pseudomap@1.0.2 
  | | `-- yallist@2.1.2 
  | `-- which@1.2.14 
  |   `-- isexe@2.0.0 
  +-- gaze@1.1.2 
  | `-- globule@1.1.0 
  |   +-- glob@7.1.1 
  |   `-- lodash@4.16.6 
  +-- get-stdin@4.0.1 
  +-- glob@7.1.1 
  | `-- fs.realpath@1.0.0 
  +-- in-publish@2.0.0 
  +-- lodash.assign@4.2.0 
  +-- lodash.clonedeep@4.5.0 
  +-- lodash.mergewith@4.6.0 
  +-- meow@3.7.0 
  | +-- camelcase-keys@2.1.0 
  | | `-- camelcase@2.1.1 
  | +-- loud-rejection@1.6.0 
  | | +-- currently-unhandled@0.4.1 
  | | | `-- array-find-index@1.0.2 
  | | `-- signal-exit@3.0.2 
  | +-- map-obj@1.0.1 
  | +-- minimist@1.2.0 
  | +-- normalize-package-data@2.3.8 
  | | +-- hosted-git-info@2.4.2 
  | | +-- is-builtin-module@1.0.0 
  | | | `-- builtin-modules@1.1.1 
  | | `-- validate-npm-package-license@3.0.1 
  | |   +-- spdx-correct@1.0.2 
  | |   | `-- spdx-license-ids@1.2.2 
  | |   `-- spdx-expression-parse@1.0.4 
  | +-- object-assign@4.1.1 
  | +-- read-pkg-up@1.0.1 
  | | `-- read-pkg@1.1.0 
  | |   +-- load-json-file@1.1.0 
  | |   | +-- graceful-fs@4.1.11 
  | |   | +-- parse-json@2.2.0 
  | |   | | `-- error-ex@1.3.1 
  | |   | |   `-- is-arrayish@0.2.1 
  | |   | +-- pify@2.3.0 
  | |   | `-- strip-bom@2.0.0 
  | |   |   `-- is-utf8@0.2.1 
  | |   `-- path-type@1.1.0 
  | |     `-- graceful-fs@4.1.11 
  | +-- redent@1.0.0 
  | | +-- indent-string@2.1.0 
  | | `-- strip-indent@1.0.1 
  | `-- trim-newlines@1.0.0 
  +-- nan@2.6.2 
  +-- node-gyp@3.6.0 
  | +-- fstream@1.0.11 
  | | `-- graceful-fs@4.1.11 
  | +-- glob@7.1.1 
  | +-- graceful-fs@4.1.11 
  | +-- nopt@3.0.6 
  | | `-- abbrev@1.1.0 
  | +-- osenv@0.1.4 
  | +-- rimraf@2.6.1 
  | | `-- glob@7.1.1 
  | +-- semver@5.3.0 
  | `-- tar@2.2.1 
  |   `-- block-stream@0.0.9 
  +-- npmlog@4.0.2 
  | +-- are-we-there-yet@1.1.4 
  | | `-- delegates@1.0.0 
  | +-- console-control-strings@1.1.0 
  | +-- gauge@2.7.4 
  | | +-- aproba@1.1.1 
  | | +-- has-unicode@2.0.1 
  | | +-- object-assign@4.1.1 
  | | +-- string-width@1.0.2 
  | | | +-- code-point-at@1.1.0 
  | | | `-- is-fullwidth-code-point@1.0.0 
  | | `-- wide-align@1.1.0 
  | `-- set-blocking@2.0.0 
  +-- request@2.81.0 
  | +-- aws-sign2@0.6.0 
  | +-- aws4@1.6.0 
  | +-- caseless@0.12.0 
  | +-- combined-stream@1.0.5 
  | | `-- delayed-stream@1.0.0 
  | +-- extend@3.0.0 
  | +-- forever-agent@0.6.1 
  | +-- form-data@2.1.4 
  | | `-- asynckit@0.4.0 
  | +-- har-validator@4.2.1 
  | | +-- ajv@4.11.7 
  | | | +-- co@4.6.0 
  | | | `-- json-stable-stringify@1.0.1 
  | | |   `-- jsonify@0.0.0 
  | | `-- har-schema@1.0.5 
  | +-- hawk@3.1.3 
  | | +-- boom@2.10.1 
  | | +-- cryptiles@2.0.5 
  | | +-- hoek@2.16.3 
  | | `-- sntp@1.0.9 
  | +-- http-signature@1.1.1 
  | | +-- assert-plus@0.2.0 
  | | +-- jsprim@1.4.0 
  | | | +-- assert-plus@1.0.0 
  | | | +-- extsprintf@1.0.2 
  | | | +-- json-schema@0.2.3 
  | | | `-- verror@1.3.6 
  | | `-- sshpk@1.13.0 
  | |   +-- asn1@0.2.3 
  | |   +-- assert-plus@1.0.0 
  | |   +-- bcrypt-pbkdf@1.0.1 
  | |   +-- dashdash@1.14.1 
  | |   | `-- assert-plus@1.0.0 
  | |   +-- ecc-jsbn@0.1.1 
  | |   +-- getpass@0.1.6 
  | |   | `-- assert-plus@1.0.0 
  | |   +-- jodid25519@1.0.2 
  | |   +-- jsbn@0.1.1 
  | |   `-- tweetnacl@0.14.5 
  | +-- is-typedarray@1.0.0 
  | +-- isstream@0.1.2 
  | +-- json-stringify-safe@5.0.1 
  | +-- oauth-sign@0.8.2 
  | +-- performance-now@0.2.0 
  | +-- safe-buffer@5.0.1 
  | +-- stringstream@0.0.5 
  | +-- tough-cookie@2.3.2 
  | +-- tunnel-agent@0.6.0 
  | `-- uuid@3.0.1 
  +-- sass-graph@2.1.2 
  | +-- glob@7.1.1 
  | `-- yargs@4.8.1 
  |   +-- cliui@3.2.0 
  |   | `-- wrap-ansi@2.1.0 
  |   +-- get-caller-file@1.0.2 
  |   +-- os-locale@1.4.0 
  |   | `-- lcid@1.0.0 
  |   |   `-- invert-kv@1.0.0 
  |   +-- require-directory@2.1.1 
  |   +-- require-main-filename@1.0.1 
  |   +-- which-module@1.0.0 
  |   +-- window-size@0.2.0 
  |   +-- y18n@3.2.1 
  |   `-- yargs-parser@2.4.1 
  |     `-- camelcase@3.0.0 
  `-- stdout-stream@1.4.0 

